#
# There is insufficient memory for the Java Runtime Environment to continue.
# Native memory allocation (mmap) failed to map 1610612736 bytes for G1 virtual space
# Possible reasons:
#   The system is out of physical RAM or swap space
#   The process is running with CompressedOops enabled, and the Java Heap may be blocking the growth of the native heap
# Possible solutions:
#   Reduce memory load on the system
#   Increase physical memory or swap space
#   Check if swap backing store is full
#   Decrease Java heap size (-Xmx/-Xms)
#   Decrease number of Java threads
#   Decrease Java thread stack sizes (-Xss)
#   Set larger code cache with -XX:ReservedCodeCacheSize=
#   JVM is running with Zero Based Compressed Oops mode in which the Java heap is
#     placed in the first 32GB address space. The Java Heap base address is the
#     maximum limit for the native heap growth. Please use -XX:HeapBaseMinAddress
#     to set the Java Heap base and to place the Java Heap above 32GB virtual address.
# This output file may be truncated or incomplete.
#
#  Out of Memory Error (os_windows.cpp:3550), pid=2160, tid=18956
#
# JRE version:  (17.0.6+9) (build )
# Java VM: Java HotSpot(TM) 64-Bit Server VM (17.0.6+9-LTS-190, mixed mode, emulated-client, sharing, tiered, compressed oops, compressed class ptrs, g1 gc, windows-amd64)
# No core dump will be written. Minidumps are not enabled by default on client versions of Windows
#

---------------  S U M M A R Y ------------

Command Line: -XX:TieredStopAtLevel=1 -Dspring.output.ansi.enabled=always -Dcom.sun.management.jmxremote -Dspring.jmx.enabled=true -Dspring.liveBeansView.mbeanDomain -Dspring.application.admin.enabled=true -Dmanagement.endpoints.jmx.exposure.include=* -javaagent:C:\Program Files\JetBrains\IntelliJ IDEA 2024.1.4\lib\idea_rt.jar=62962:C:\Program Files\JetBrains\IntelliJ IDEA 2024.1.4\bin -Dfile.encoding=UTF-8 com.sh.oauth2.Oauth2Application

Host: AMD Ryzen 5 5600X 6-Core Processor             , 12 cores, 95G,  Windows 10 , 64 bit Build 19041 (10.0.19041.4597)
Time: Wed Sep 11 11:23:41 2024  Windows 10 , 64 bit Build 19041 (10.0.19041.4597) elapsed time: 0.399889 seconds (0d 0h 0m 0s)

---------------  T H R E A D  ---------------

Current thread (0x000002503032f4d0):  JavaThread "Unknown thread" [_thread_in_vm, id=18956, stack(0x000000ac65b00000,0x000000ac65c00000)]

Stack: [0x000000ac65b00000,0x000000ac65c00000]
Native frames: (J=compiled Java code, j=interpreted, Vv=VM code, C=native code)
V  [jvm.dll+0x6734ea]
V  [jvm.dll+0x7d18f4]
V  [jvm.dll+0x7d309e]
V  [jvm.dll+0x7d3703]
V  [jvm.dll+0x2433c5]
V  [jvm.dll+0x6703f9]
V  [jvm.dll+0x664d32]
V  [jvm.dll+0x300086]
V  [jvm.dll+0x307606]
V  [jvm.dll+0x356c1e]
V  [jvm.dll+0x356e4f]
V  [jvm.dll+0x2d72e8]
V  [jvm.dll+0x2d8254]
V  [jvm.dll+0x7a33b1]
V  [jvm.dll+0x3647f1]
V  [jvm.dll+0x782839]
V  [jvm.dll+0x3e757f]
V  [jvm.dll+0x3e9001]
C  [jli.dll+0x5297]
C  [ucrtbase.dll+0x21bb2]
C  [KERNEL32.DLL+0x17374]
C  [ntdll.dll+0x4cc91]


---------------  P R O C E S S  ---------------

Threads class SMR info:
_java_thread_list=0x00007ffd39d9e958, length=0, elements={
}

Java Threads: ( => current thread )

Other Threads:
  0x00000250303bea80 GCTaskThread "GC Thread#0" [stack: 0x000000ac65c00000,0x000000ac65d00000] [id=25876]
  0x00000250303cb990 ConcurrentGCThread "G1 Main Marker" [stack: 0x000000ac65d00000,0x000000ac65e00000] [id=35640]
  0x00000250303ccb40 ConcurrentGCThread "G1 Conc#0" [stack: 0x000000ac65e00000,0x000000ac65f00000] [id=1916]

[error occurred during error reporting (printing all threads), id 0xc0000005, EXCEPTION_ACCESS_VIOLATION (0xc0000005) at pc=0x00007ffd395d7f07]

VM state: not at safepoint (not fully initialized)

VM Mutex/Monitor currently owned by a thread:  ([mutex/lock_event])
[0x000002503032bda0] Heap_lock - owner thread: 0x000002503032f4d0

Heap address: 0x0000000201000000, size: 24560 MB, Compressed Oops mode: Zero based, Oop shift amount: 3

CDS archive(s) mapped at: [0x0000000000000000-0x0000000000000000-0x0000000000000000), size 0, SharedBaseAddress: 0x0000000800000000, ArchiveRelocationMode: 0.
Narrow klass base: 0x0000000000000000, Narrow klass shift: 0, Narrow klass range: 0x0

GC Precious Log:
<Empty>

Heap:
 garbage-first heap   total 0K, used 0K [0x0000000201000000, 0x0000000800000000)
  region size 16384K, 0 young (0K), 0 survivors (0K)

[error occurred during error reporting (printing heap information), id 0xc0000005, EXCEPTION_ACCESS_VIOLATION (0xc0000005) at pc=0x00007ffd399bc759]

GC Heap History (0 events):
No events

Deoptimization events (0 events):
No events

Classes unloaded (0 events):
No events

Classes redefined (0 events):
No events

Internal exceptions (0 events):
No events

VM Operations (0 events):
No events

Events (1 events):
Event: 0.025 Loaded shared library F:\jdk17\bin\java.dll


Dynamic libraries:
0x00007ff6d5df0000 - 0x00007ff6d5e00000 	F:\jdk17\bin\java.exe
0x00007ffd97b30000 - 0x00007ffd97d28000 	C:\WINDOWS\SYSTEM32\ntdll.dll
0x00007ffd95b60000 - 0x00007ffd95c21000 	C:\WINDOWS\System32\KERNEL32.DLL
0x00007ffd95310000 - 0x00007ffd95606000 	C:\WINDOWS\System32\KERNELBASE.dll
0x00007ffd95900000 - 0x00007ffd95a00000 	C:\WINDOWS\System32\ucrtbase.dll
0x00007ffd7edb0000 - 0x00007ffd7edcb000 	F:\jdk17\bin\VCRUNTIME140.dll
0x00007ffd7f8f0000 - 0x00007ffd7f908000 	F:\jdk17\bin\jli.dll
0x00007ffd95c30000 - 0x00007ffd95ce0000 	C:\WINDOWS\System32\ADVAPI32.dll
0x00007ffd96c90000 - 0x00007ffd96d2e000 	C:\WINDOWS\System32\msvcrt.dll
0x00007ffd95f60000 - 0x00007ffd96000000 	C:\WINDOWS\System32\sechost.dll
0x00007ffd95e30000 - 0x00007ffd95f53000 	C:\WINDOWS\System32\RPCRT4.dll
0x00007ffd95820000 - 0x00007ffd95847000 	C:\WINDOWS\System32\bcrypt.dll
0x00007ffd96770000 - 0x00007ffd9690f000 	C:\WINDOWS\System32\USER32.dll
0x00007ffd957f0000 - 0x00007ffd95812000 	C:\WINDOWS\System32\win32u.dll
0x00007ffd96ba0000 - 0x00007ffd96bcb000 	C:\WINDOWS\System32\GDI32.dll
0x00007ffd81290000 - 0x00007ffd8152a000 	C:\WINDOWS\WinSxS\amd64_microsoft.windows.common-controls_6595b64144ccf1df_6.0.19041.4355_none_60b8b9eb71f62e16\COMCTL32.dll
0x00007ffd95680000 - 0x00007ffd95797000 	C:\WINDOWS\System32\gdi32full.dll
0x00007ffd951e0000 - 0x00007ffd9527d000 	C:\WINDOWS\System32\msvcp_win.dll
0x00007ffd8f890000 - 0x00007ffd8f89a000 	C:\WINDOWS\SYSTEM32\VERSION.dll
0x00007ffd972a0000 - 0x00007ffd972cf000 	C:\WINDOWS\System32\IMM32.DLL
0x00007ffd921f0000 - 0x00007ffd921fc000 	F:\jdk17\bin\vcruntime140_1.dll
0x00007ffd69e10000 - 0x00007ffd69e9e000 	F:\jdk17\bin\msvcp140.dll
0x00007ffd392f0000 - 0x00007ffd39ec7000 	F:\jdk17\bin\server\jvm.dll
0x00007ffd95ce0000 - 0x00007ffd95ce8000 	C:\WINDOWS\System32\PSAPI.DLL
0x00007ffd72fa0000 - 0x00007ffd72fa9000 	C:\WINDOWS\SYSTEM32\WSOCK32.dll
0x00007ffd8a370000 - 0x00007ffd8a397000 	C:\WINDOWS\SYSTEM32\WINMM.dll
0x00007ffd96d30000 - 0x00007ffd96d9b000 	C:\WINDOWS\System32\WS2_32.dll
0x00007ffd93080000 - 0x00007ffd93092000 	C:\WINDOWS\SYSTEM32\kernel.appcore.dll
0x00007ffd8ed40000 - 0x00007ffd8ed4a000 	F:\jdk17\bin\jimage.dll
0x00007ffd833b0000 - 0x00007ffd83594000 	C:\WINDOWS\SYSTEM32\DBGHELP.DLL
0x00007ffd7ec00000 - 0x00007ffd7ec34000 	C:\WINDOWS\SYSTEM32\dbgcore.DLL
0x00007ffd95280000 - 0x00007ffd95302000 	C:\WINDOWS\System32\bcryptPrimitives.dll
0x00007ffd92280000 - 0x00007ffd9228e000 	F:\jdk17\bin\instrument.dll
0x00007ffd72c20000 - 0x00007ffd72c45000 	F:\jdk17\bin\java.dll

dbghelp: loaded successfully - version: 4.0.5 - missing functions: none
symbol engine: initialized successfully - sym options: 0x614 - pdb path: .;F:\jdk17\bin;C:\WINDOWS\SYSTEM32;C:\WINDOWS\WinSxS\amd64_microsoft.windows.common-controls_6595b64144ccf1df_6.0.19041.4355_none_60b8b9eb71f62e16;F:\jdk17\bin\server

VM Arguments:
jvm_args: -XX:TieredStopAtLevel=1 -Dspring.output.ansi.enabled=always -Dcom.sun.management.jmxremote -Dspring.jmx.enabled=true -Dspring.liveBeansView.mbeanDomain -Dspring.application.admin.enabled=true -Dmanagement.endpoints.jmx.exposure.include=* -javaagent:C:\Program Files\JetBrains\IntelliJ IDEA 2024.1.4\lib\idea_rt.jar=62962:C:\Program Files\JetBrains\IntelliJ IDEA 2024.1.4\bin -Dfile.encoding=UTF-8 
java_command: com.sh.oauth2.Oauth2Application
java_class_path (initial): C:\Users\tjdgh\IdeaProjects\security\security\oauth2\build\classes\java\main;C:\Users\tjdgh\IdeaProjects\security\security\oauth2\build\resources\main;C:\Users\tjdgh\.gradle\caches\modules-2\files-2.1\org.springframework.boot\spring-boot-configuration-processor\3.3.2\865979850b50f57caf2a9b144b8741970a017543\spring-boot-configuration-processor-3.3.2.jar;C:\Users\tjdgh\.gradle\caches\modules-2\files-2.1\org.projectlombok\lombok\1.18.34\ec547ef414ab1d2c040118fb9c1c265ada63af14\lombok-1.18.34.jar;C:\Users\tjdgh\.gradle\caches\modules-2\files-2.1\org.springframework.boot\spring-boot-starter-data-jpa\3.3.2\2731d74dfc18fb905c29930cf55493980c2cee5a\spring-boot-starter-data-jpa-3.3.2.jar;C:\Users\tjdgh\.gradle\caches\modules-2\files-2.1\org.springframework.boot\spring-boot-starter-oauth2-authorization-server\3.3.2\a7ff273123c1ca35fbd2acd54e847d9de2a57c66\spring-boot-starter-oauth2-authorization-server-3.3.2.jar;C:\Users\tjdgh\.gradle\caches\modules-2\files-2.1\org.springframework.boot\spring-boot-starter-oauth2-client\3.3.2\7d11c36d5c85f02597cff89c7a045ebfe213b8f1\spring-boot-starter-oauth2-client-3.3.2.jar;C:\Users\tjdgh\.gradle\caches\modules-2\files-2.1\org.springframework.boot\spring-boot-starter-oauth2-resource-server\3.3.2\d0c4ce4936269600657e2b4715589cdab2f8e522\spring-boot-starter-oauth2-resource-server-3.3.2.jar;C:\Users\tjdgh\.gradle\caches\modules-2\files-2.1\org.springframework.boot\spring-boot-starter-security\3.3.2\13a1d62a33323306fcd4c4cbb6a98322ce633ac0\spring-boot-starter-security-3.3.2.jar;C:\Users\tjdgh\.gradle\caches\modules-2\files-2.1\org.springframework.boot\spring-boot-starter-web\3.3.2\720418538668a8742d0ae24097811d5250cf5c32\spring-boot-starter-web-3.3.2.jar;C:\Users\tjdgh\.gradle\caches\modules-2\files-2.1\org.springframework.boot\spring-boot-starter-thymeleaf\3.3.2\cdcc62e2bb84c080a474281cf09c28cdfd423955\spring-boot-starter-thymeleaf-3.3.2.jar;C:\Users\tjdgh\.gradle\caches\modules-2\files-2.1\org.thymeleaf.extras\thym
Launcher Type: SUN_STANDARD

[Global flags]
     intx CICompilerCount                          = 4                                         {product} {ergonomic}
     uint ConcGCThreads                            = 3                                         {product} {ergonomic}
     uint G1ConcRefinementThreads                  = 10                                        {product} {ergonomic}
   size_t G1HeapRegionSize                         = 16777216                                  {product} {ergonomic}
    uintx GCDrainStackTargetSize                   = 64                                        {product} {ergonomic}
   size_t InitialHeapSize                          = 1610612736                                {product} {ergonomic}
     bool ManagementServer                         = true                                      {product} {command line}
   size_t MarkStackSize                            = 4194304                                   {product} {ergonomic}
   size_t MaxHeapSize                              = 25753026560                               {product} {ergonomic}
   size_t MinHeapDeltaBytes                        = 16777216                                  {product} {ergonomic}
   size_t MinHeapSize                              = 16777216                                  {product} {ergonomic}
    uintx NonProfiledCodeHeapSize                  = 0                                      {pd product} {ergonomic}
     bool ProfileInterpreter                       = false                                  {pd product} {command line}
    uintx ProfiledCodeHeapSize                     = 0                                      {pd product} {ergonomic}
   size_t SoftMaxHeapSize                          = 25753026560                            {manageable} {ergonomic}
     intx TieredStopAtLevel                        = 1                                         {product} {command line}
     bool UseCompressedClassPointers               = true                           {product lp64_product} {ergonomic}
     bool UseCompressedOops                        = true                           {product lp64_product} {ergonomic}
     bool UseG1GC                                  = true                                      {product} {ergonomic}
     bool UseLargePagesIndividualAllocation        = false                                  {pd product} {ergonomic}

Logging:
Log output configuration:
 #0: stdout all=warning uptime,level,tags
 #1: stderr all=off uptime,level,tags

Environment Variables:
JAVA_HOME=F:\jdk17
CLASSPATH=F:\jdk17\lib
PATH=C:\Program Files\Common Files\Oracle\Java\javapath;C:\Users\tjdgh\Downloads\apache-maven-3.9.8-bin\apache-maven-3.9.8bin;C:\WINDOWS\system32;C:\WINDOWS;C:\WINDOWS\System32\Wbem;C:\WINDOWS\System32\WindowsPowerShell\v1.0\;C:\WINDOWS\System32\OpenSSH\;C:\Program Files (x86)\NVIDIA Corporation\PhysX\Common;C:\Program Files\NVIDIA Corporation\NVIDIA NvDLISR;C:\Program Files\Git\cmd;F:\jdk17\bin;F:\;C:\Program Files\Docker\Docker\resources\bin;C:\Ruby32-x64\bin;C:\Program Files\MySQL\MySQL Server 8.0\bin;C:\Users\tjdgh\AppData\Local\afreeca;C:\Users\tjdgh\AppData\Local\Programs\Microsoft VS Code\bin;C:\Users\tjdgh\AppData\Local\GitHubDesktop\bin;C:\Users\tjdgh\AppData\Roaming\npm;C:\Program Files\JetBrains\IntelliJ IDEA 2024.1.4\bin
USERNAME=tjdgh
OS=Windows_NT
PROCESSOR_IDENTIFIER=AMD64 Family 25 Model 33 Stepping 2, AuthenticAMD



---------------  S Y S T E M  ---------------

OS:
 Windows 10 , 64 bit Build 19041 (10.0.19041.4597)
OS uptime: 33 days 12:44 hours

CPU: total 12 (initial active 12) (12 cores per cpu, 2 threads per core) family 25 model 33 stepping 2 microcode 0x0, cx8, cmov, fxsr, ht, mmx, 3dnowpref, sse, sse2, sse3, ssse3, sse4a, sse4.1, sse4.2, popcnt, lzcnt, tsc, tscinvbit, avx, avx2, aes, erms, clmul, bmi1, bmi2, adx, sha, fma, vzeroupper, clflush, clflushopt

Memory: 4k page, system-wide physical 98190M (52061M free)
TotalPageFile size 113122M (AvailPageFile size 1446M)
current process WorkingSet (physical memory assigned to process): 11M, peak: 11M
current process commit charge ("private bytes"): 60M, peak: 1596M

vm_info: Java HotSpot(TM) 64-Bit Server VM (17.0.6+9-LTS-190) for windows-amd64 JRE (17.0.6+9-LTS-190), built on Dec  6 2022 15:53:54 by "mach5one" with MS VC++ 17.1 (VS2022)

END.
